{"__type":"$$EventMessageAudit","id":"aba39441-eca7-4d63-a2c7-3d6c201a39c1","ts":"2025-08-18T17:29:29.319+00:00","eventName":"n8n.audit.workflow.created","message":"n8n.audit.workflow.created","payload":{"userId":"4ccf53a0-ad23-4e3c-9d43-89743417a5fa","_email":"icaro.kuchanovicz@gmail.com","_firstName":"Icaro","_lastName":"Kuchanovicz","globalRole":"global:owner","workflowId":"Wk1bPrZ9Md2rGOAY","workflowName":"My workflow"}}
{"__type":"$$EventMessageConfirm","confirm":"aba39441-eca7-4d63-a2c7-3d6c201a39c1","ts":"2025-08-18T17:29:29.345+00:00","source":{"id":"0","name":"eventBus"}}
{"__type":"$$EventMessageWorkflow","id":"56777417-2f17-4ac8-868e-80a7e9139abd","ts":"2025-08-18T17:29:29.583+00:00","eventName":"n8n.workflow.started","message":"n8n.workflow.started","payload":{"executionId":"1","workflowId":"Wk1bPrZ9Md2rGOAY","isManual":false,"workflowName":"My workflow"}}
{"__type":"$$EventMessageConfirm","confirm":"56777417-2f17-4ac8-868e-80a7e9139abd","ts":"2025-08-18T17:29:29.583+00:00","source":{"id":"0","name":"eventBus"}}
{"__type":"$$EventMessageNode","id":"17c99555-9307-4321-8e7f-1981a3eae960","ts":"2025-08-18T17:29:29.589+00:00","eventName":"n8n.node.started","message":"n8n.node.started","payload":{"workflowId":"Wk1bPrZ9Md2rGOAY","workflowName":"My workflow","executionId":"1","nodeType":"n8n-nodes-base.manualTrigger","nodeName":"When clicking ‘Execute workflow’","nodeId":"4652a65f-e92e-4392-bf24-7bfc95bbff98"}}
{"__type":"$$EventMessageConfirm","confirm":"17c99555-9307-4321-8e7f-1981a3eae960","ts":"2025-08-18T17:29:29.589+00:00","source":{"id":"0","name":"eventBus"}}
{"__type":"$$EventMessageNode","id":"8ac03df0-7a9a-4756-8bc5-b0cc746d5c67","ts":"2025-08-18T17:29:29.598+00:00","eventName":"n8n.node.finished","message":"n8n.node.finished","payload":{"workflowId":"Wk1bPrZ9Md2rGOAY","workflowName":"My workflow","executionId":"1","nodeType":"n8n-nodes-base.manualTrigger","nodeName":"When clicking ‘Execute workflow’","nodeId":"4652a65f-e92e-4392-bf24-7bfc95bbff98"}}
{"__type":"$$EventMessageConfirm","confirm":"8ac03df0-7a9a-4756-8bc5-b0cc746d5c67","ts":"2025-08-18T17:29:29.598+00:00","source":{"id":"0","name":"eventBus"}}
{"__type":"$$EventMessageNode","id":"871f790e-24be-412c-9e57-399e48cd9871","ts":"2025-08-18T17:29:29.599+00:00","eventName":"n8n.node.started","message":"n8n.node.started","payload":{"workflowId":"Wk1bPrZ9Md2rGOAY","workflowName":"My workflow","executionId":"1","nodeType":"n8n-nodes-base.executeCommand","nodeName":"Execute Command","nodeId":"6a3e994e-a5b7-4229-bc82-194aa57e1095"}}
{"__type":"$$EventMessageConfirm","confirm":"871f790e-24be-412c-9e57-399e48cd9871","ts":"2025-08-18T17:29:29.600+00:00","source":{"id":"0","name":"eventBus"}}
{"__type":"$$EventMessageNode","id":"89669732-f20e-49b7-b53f-57c00b11779d","ts":"2025-08-18T17:29:37.543+00:00","eventName":"n8n.node.finished","message":"n8n.node.finished","payload":{"workflowId":"Wk1bPrZ9Md2rGOAY","workflowName":"My workflow","executionId":"1","nodeType":"n8n-nodes-base.executeCommand","nodeName":"Execute Command","nodeId":"6a3e994e-a5b7-4229-bc82-194aa57e1095"}}
{"__type":"$$EventMessageConfirm","confirm":"89669732-f20e-49b7-b53f-57c00b11779d","ts":"2025-08-18T17:29:37.543+00:00","source":{"id":"0","name":"eventBus"}}
{"__type":"$$EventMessageWorkflow","id":"d2a95b5b-8bab-451c-a7a0-d96ee20ac720","ts":"2025-08-18T17:29:37.546+00:00","eventName":"n8n.workflow.success","message":"n8n.workflow.success","payload":{"executionId":"1","userId":"4ccf53a0-ad23-4e3c-9d43-89743417a5fa","success":true,"isManual":true,"workflowId":"Wk1bPrZ9Md2rGOAY","workflowName":"My workflow"}}
{"__type":"$$EventMessageConfirm","confirm":"d2a95b5b-8bab-451c-a7a0-d96ee20ac720","ts":"2025-08-18T17:29:37.546+00:00","source":{"id":"0","name":"eventBus"}}
{"__type":"$$EventMessageWorkflow","id":"787eb253-3ba7-4222-ac9f-a98002f7804f","ts":"2025-08-18T17:30:36.304+00:00","eventName":"n8n.workflow.started","message":"n8n.workflow.started","payload":{"executionId":"2","workflowId":"Wk1bPrZ9Md2rGOAY","isManual":false,"workflowName":"My workflow"}}
{"__type":"$$EventMessageConfirm","confirm":"787eb253-3ba7-4222-ac9f-a98002f7804f","ts":"2025-08-18T17:30:36.304+00:00","source":{"id":"0","name":"eventBus"}}
{"__type":"$$EventMessageNode","id":"c040d2ca-849c-4a73-9605-79ce007c4405","ts":"2025-08-18T17:30:36.305+00:00","eventName":"n8n.node.started","message":"n8n.node.started","payload":{"workflowId":"Wk1bPrZ9Md2rGOAY","workflowName":"My workflow","executionId":"2","nodeType":"n8n-nodes-base.executeCommand","nodeName":"cal eprocure","nodeId":"754b5e0a-ce21-474a-8e98-1ffa84ed0d47"}}
{"__type":"$$EventMessageConfirm","confirm":"c040d2ca-849c-4a73-9605-79ce007c4405","ts":"2025-08-18T17:30:36.306+00:00","source":{"id":"0","name":"eventBus"}}
{"__type":"$$EventMessageNode","id":"97e0252d-f113-4c46-819a-095fab9a8534","ts":"2025-08-18T17:30:36.357+00:00","eventName":"n8n.node.finished","message":"n8n.node.finished","payload":{"workflowId":"Wk1bPrZ9Md2rGOAY","workflowName":"My workflow","executionId":"2","nodeType":"n8n-nodes-base.executeCommand","nodeName":"cal eprocure","nodeId":"754b5e0a-ce21-474a-8e98-1ffa84ed0d47"}}
{"__type":"$$EventMessageConfirm","confirm":"97e0252d-f113-4c46-819a-095fab9a8534","ts":"2025-08-18T17:30:36.357+00:00","source":{"id":"0","name":"eventBus"}}
{"__type":"$$EventMessageWorkflow","id":"2502aa3b-241b-42cb-82ce-e9f8d91b7bb7","ts":"2025-08-18T17:30:36.360+00:00","eventName":"n8n.workflow.failed","message":"n8n.workflow.failed","payload":{"executionId":"2","userId":"4ccf53a0-ad23-4e3c-9d43-89743417a5fa","success":false,"isManual":true,"workflowId":"Wk1bPrZ9Md2rGOAY","workflowName":"My workflow","lastNodeExecuted":"cal eprocure","errorNodeType":"n8n-nodes-base.executeCommand","errorMessage":"Command failed: docker exec gov-lacobids-scraper python -u /app/cal_eprocure_scraper.py\nError response from daemon: No such container: gov-lacobids-scraper\n"}}
{"__type":"$$EventMessageConfirm","confirm":"2502aa3b-241b-42cb-82ce-e9f8d91b7bb7","ts":"2025-08-18T17:30:36.360+00:00","source":{"id":"0","name":"eventBus"}}
{"__type":"$$EventMessageWorkflow","id":"17552156-e5f0-4070-9709-08d8775c768d","ts":"2025-08-18T17:30:47.145+00:00","eventName":"n8n.workflow.started","message":"n8n.workflow.started","payload":{"executionId":"3","workflowId":"Wk1bPrZ9Md2rGOAY","isManual":false,"workflowName":"My workflow"}}
{"__type":"$$EventMessageConfirm","confirm":"17552156-e5f0-4070-9709-08d8775c768d","ts":"2025-08-18T17:30:47.146+00:00","source":{"id":"0","name":"eventBus"}}
{"__type":"$$EventMessageNode","id":"66a08270-7e50-458b-aca1-9cca90c0e804","ts":"2025-08-18T17:30:47.147+00:00","eventName":"n8n.node.started","message":"n8n.node.started","payload":{"workflowId":"Wk1bPrZ9Md2rGOAY","workflowName":"My workflow","executionId":"3","nodeType":"n8n-nodes-base.executeCommand","nodeName":"cal eprocure","nodeId":"754b5e0a-ce21-474a-8e98-1ffa84ed0d47"}}
{"__type":"$$EventMessageConfirm","confirm":"66a08270-7e50-458b-aca1-9cca90c0e804","ts":"2025-08-18T17:30:47.147+00:00","source":{"id":"0","name":"eventBus"}}
{"__type":"$$EventMessageNode","id":"dbbc0f35-89cb-45d9-9912-429640edcaa6","ts":"2025-08-18T17:30:47.175+00:00","eventName":"n8n.node.finished","message":"n8n.node.finished","payload":{"workflowId":"Wk1bPrZ9Md2rGOAY","workflowName":"My workflow","executionId":"3","nodeType":"n8n-nodes-base.executeCommand","nodeName":"cal eprocure","nodeId":"754b5e0a-ce21-474a-8e98-1ffa84ed0d47"}}
{"__type":"$$EventMessageConfirm","confirm":"dbbc0f35-89cb-45d9-9912-429640edcaa6","ts":"2025-08-18T17:30:47.175+00:00","source":{"id":"0","name":"eventBus"}}
{"__type":"$$EventMessageWorkflow","id":"34d29688-8f1b-4ad2-b318-97bdd7d05dcb","ts":"2025-08-18T17:30:47.176+00:00","eventName":"n8n.workflow.failed","message":"n8n.workflow.failed","payload":{"executionId":"3","userId":"4ccf53a0-ad23-4e3c-9d43-89743417a5fa","success":false,"isManual":true,"workflowId":"Wk1bPrZ9Md2rGOAY","workflowName":"My workflow","lastNodeExecuted":"cal eprocure","errorNodeType":"n8n-nodes-base.executeCommand","errorMessage":"Command failed: docker exec gov-scraper python -u /app/cal_eprocure_scraper.py\nError response from daemon: No such container: gov-scraper\n"}}
{"__type":"$$EventMessageConfirm","confirm":"34d29688-8f1b-4ad2-b318-97bdd7d05dcb","ts":"2025-08-18T17:30:47.176+00:00","source":{"id":"0","name":"eventBus"}}
{"__type":"$$EventMessageWorkflow","id":"7e56e066-1482-4bcd-94b7-7d2d782e38d2","ts":"2025-08-18T17:30:58.929+00:00","eventName":"n8n.workflow.started","message":"n8n.workflow.started","payload":{"executionId":"4","workflowId":"Wk1bPrZ9Md2rGOAY","isManual":false,"workflowName":"My workflow"}}
{"__type":"$$EventMessageConfirm","confirm":"7e56e066-1482-4bcd-94b7-7d2d782e38d2","ts":"2025-08-18T17:30:58.929+00:00","source":{"id":"0","name":"eventBus"}}
{"__type":"$$EventMessageNode","id":"8effa87b-8e41-4fb9-838d-524874583120","ts":"2025-08-18T17:30:58.931+00:00","eventName":"n8n.node.started","message":"n8n.node.started","payload":{"workflowId":"Wk1bPrZ9Md2rGOAY","workflowName":"My workflow","executionId":"4","nodeType":"n8n-nodes-base.executeCommand","nodeName":"cal eprocure","nodeId":"754b5e0a-ce21-474a-8e98-1ffa84ed0d47"}}
{"__type":"$$EventMessageConfirm","confirm":"8effa87b-8e41-4fb9-838d-524874583120","ts":"2025-08-18T17:30:58.931+00:00","source":{"id":"0","name":"eventBus"}}
{"__type":"$$EventMessageNode","id":"c43b81b0-ed6a-4ba9-81e8-f37b1b68452f","ts":"2025-08-18T17:31:15.825+00:00","eventName":"n8n.node.finished","message":"n8n.node.finished","payload":{"workflowId":"Wk1bPrZ9Md2rGOAY","workflowName":"My workflow","executionId":"4","nodeType":"n8n-nodes-base.executeCommand","nodeName":"cal eprocure","nodeId":"754b5e0a-ce21-474a-8e98-1ffa84ed0d47"}}
{"__type":"$$EventMessageConfirm","confirm":"c43b81b0-ed6a-4ba9-81e8-f37b1b68452f","ts":"2025-08-18T17:31:15.825+00:00","source":{"id":"0","name":"eventBus"}}
{"__type":"$$EventMessageWorkflow","id":"6e2a3b9e-3663-42bb-bde0-21234ff5c23b","ts":"2025-08-18T17:31:15.826+00:00","eventName":"n8n.workflow.success","message":"n8n.workflow.success","payload":{"executionId":"4","userId":"4ccf53a0-ad23-4e3c-9d43-89743417a5fa","success":true,"isManual":true,"workflowId":"Wk1bPrZ9Md2rGOAY","workflowName":"My workflow"}}
{"__type":"$$EventMessageConfirm","confirm":"6e2a3b9e-3663-42bb-bde0-21234ff5c23b","ts":"2025-08-18T17:31:15.826+00:00","source":{"id":"0","name":"eventBus"}}
{"__type":"$$EventMessageAudit","id":"12c43b40-6ec8-4139-b28c-d33d7de6ee7c","ts":"2025-08-18T17:31:25.287+00:00","eventName":"n8n.audit.workflow.updated","message":"n8n.audit.workflow.updated","payload":{"userId":"4ccf53a0-ad23-4e3c-9d43-89743417a5fa","_email":"icaro.kuchanovicz@gmail.com","_firstName":"Icaro","_lastName":"Kuchanovicz","globalRole":"global:owner","workflowId":"Wk1bPrZ9Md2rGOAY","workflowName":"My workflow"}}
{"__type":"$$EventMessageConfirm","confirm":"12c43b40-6ec8-4139-b28c-d33d7de6ee7c","ts":"2025-08-18T17:31:25.287+00:00","source":{"id":"0","name":"eventBus"}}
